INFO 09:39:19:310 wdm.WebDriverManager detectDriverVersionFromBrowser:615 Using chromedriver 114.0.5735.90 (since Google Chrome 114 is installed in your machine)
INFO 09:39:19:327 wdm.WebDriverManager exportDriver:1113 Exporting webdriver.chrome.driver as /Users/averkhovskaya/.m2/repository/webdriver/chromedriver/mac64/114.0.5735.90/chromedriver
INFO 09:42:03:264 wdm.WebDriverManager detectDriverVersionFromBrowser:615 Using chromedriver 114.0.5735.90 (since Google Chrome 114 is installed in your machine)
INFO 09:42:03:279 wdm.WebDriverManager exportDriver:1113 Exporting webdriver.chrome.driver as /Users/averkhovskaya/.m2/repository/webdriver/chromedriver/mac64/114.0.5735.90/chromedriver
INFO 09:42:43:122 wdm.WebDriverManager detectDriverVersionFromBrowser:615 Using chromedriver 114.0.5735.90 (since Google Chrome 114 is installed in your machine)
INFO 09:42:43:137 wdm.WebDriverManager exportDriver:1113 Exporting webdriver.chrome.driver as /Users/averkhovskaya/.m2/repository/webdriver/chromedriver/mac64/114.0.5735.90/chromedriver
INFO 10:50:28:755 wdm.WebDriverManager detectDriverVersionFromBrowser:615 Using chromedriver 114.0.5735.90 (since Google Chrome 114 is installed in your machine)
INFO 10:50:28:802 wdm.WebDriverManager getDriversFromXml:1077 Reading https://chromedriver.storage.googleapis.com/ to seek chromedriver
INFO 10:50:29:080 wdm.WebDriverManager detectDriverVersionFromBrowser:615 Using chromedriver 114.0.5735.90 (since Google Chrome 114 is installed in your machine)
INFO 10:50:29:117 wdm.WebDriverManager getDriversFromXml:1077 Reading https://chromedriver.storage.googleapis.com/ to seek chromedriver
INFO 10:50:29:334 wdm.Downloader downloadAndExtract:128 Downloading https://chromedriver.storage.googleapis.com/114.0.5735.90/chromedriver_win32.zip
INFO 10:50:29:940 wdm.Downloader downloadAndExtract:128 Downloading https://chromedriver.storage.googleapis.com/114.0.5735.90/chromedriver_win32.zip
INFO 10:50:29:977 wdm.Downloader extract:183 Extracting binary from compressed file chromedriver_win32.zip
INFO 10:50:30:142 wdm.WebDriverManager exportDriver:1113 Exporting webdriver.chrome.driver as C:\Users\74321\.m2\repository\webdriver\chromedriver\win32\114.0.5735.90\chromedriver.exe
INFO 10:50:30:441 wdm.Downloader extract:183 Extracting binary from compressed file chromedriver_win32.zip
INFO 10:50:30:579 wdm.WebDriverManager exportDriver:1113 Exporting webdriver.chrome.driver as C:\Users\74321\.m2\repository\webdriver\chromedriver\win32\114.0.5735.90\chromedriver.exe
INFO 11:10:27:541 wdm.WebDriverManager detectDriverVersionFromBrowser:615 Using chromedriver 114.0.5735.90 (since Google Chrome 114 is installed in your machine)
INFO 11:10:27:573 wdm.WebDriverManager exportDriver:1113 Exporting webdriver.chrome.driver as C:\Users\74321\.m2\repository\webdriver\chromedriver\win32\114.0.5735.90\chromedriver.exe
INFO 11:58:21:114 wdm.WebDriverManager detectDriverVersionFromBrowser:615 Using chromedriver 114.0.5735.90 (since Google Chrome 114 is installed in your machine)
INFO 11:58:21:163 wdm.WebDriverManager exportDriver:1113 Exporting webdriver.chrome.driver as C:\Users\74321\.m2\repository\webdriver\chromedriver\win32\114.0.5735.90\chromedriver.exe
INFO 12:11:29:601 wdm.WebDriverManager detectDriverVersionFromBrowser:615 Using chromedriver 114.0.5735.90 (since Google Chrome 114 is installed in your machine)
INFO 12:11:29:633 wdm.WebDriverManager exportDriver:1113 Exporting webdriver.chrome.driver as C:\Users\74321\.m2\repository\webdriver\chromedriver\win32\114.0.5735.90\chromedriver.exe
INFO 12:12:19:863 wdm.WebDriverManager detectDriverVersionFromBrowser:615 Using chromedriver 114.0.5735.90 (since Google Chrome 114 is installed in your machine)
INFO 12:12:19:887 wdm.WebDriverManager exportDriver:1113 Exporting webdriver.chrome.driver as C:\Users\74321\.m2\repository\webdriver\chromedriver\win32\114.0.5735.90\chromedriver.exe
INFO 21:46:12:749 wdm.WebDriverManager detectDriverVersionFromBrowser:615 Using chromedriver 114.0.5735.90 (since Google Chrome 114 is installed in your machine)
INFO 21:46:12:791 wdm.WebDriverManager exportDriver:1113 Exporting webdriver.chrome.driver as C:\Users\74321\.m2\repository\webdriver\chromedriver\win32\114.0.5735.90\chromedriver.exe
INFO 21:53:53:241 wdm.WebDriverManager detectDriverVersionFromBrowser:615 Using chromedriver 114.0.5735.90 (since Google Chrome 114 is installed in your machine)
INFO 21:53:53:273 wdm.WebDriverManager exportDriver:1113 Exporting webdriver.chrome.driver as C:\Users\74321\.m2\repository\webdriver\chromedriver\win32\114.0.5735.90\chromedriver.exe
INFO 21:55:17:597 wdm.WebDriverManager detectDriverVersionFromBrowser:615 Using chromedriver 114.0.5735.90 (since Google Chrome 114 is installed in your machine)
INFO 21:55:17:630 wdm.WebDriverManager exportDriver:1113 Exporting webdriver.chrome.driver as C:\Users\74321\.m2\repository\webdriver\chromedriver\win32\114.0.5735.90\chromedriver.exe
INFO 21:58:32:623 wdm.WebDriverManager detectDriverVersionFromBrowser:615 Using chromedriver 114.0.5735.90 (since Google Chrome 114 is installed in your machine)
INFO 21:58:32:655 wdm.WebDriverManager exportDriver:1113 Exporting webdriver.chrome.driver as C:\Users\74321\.m2\repository\webdriver\chromedriver\win32\114.0.5735.90\chromedriver.exe
INFO 22:01:45:078 wdm.WebDriverManager detectDriverVersionFromBrowser:615 Using chromedriver 114.0.5735.90 (since Google Chrome 114 is installed in your machine)
INFO 22:01:45:107 wdm.WebDriverManager exportDriver:1113 Exporting webdriver.chrome.driver as C:\Users\74321\.m2\repository\webdriver\chromedriver\win32\114.0.5735.90\chromedriver.exe
INFO 22:02:53:165 wdm.WebDriverManager detectDriverVersionFromBrowser:615 Using chromedriver 114.0.5735.90 (since Google Chrome 114 is installed in your machine)
INFO 22:02:53:192 wdm.WebDriverManager exportDriver:1113 Exporting webdriver.chrome.driver as C:\Users\74321\.m2\repository\webdriver\chromedriver\win32\114.0.5735.90\chromedriver.exe
INFO 22:06:15:687 wdm.WebDriverManager detectDriverVersionFromBrowser:615 Using chromedriver 114.0.5735.90 (since Google Chrome 114 is installed in your machine)
INFO 22:06:15:718 wdm.WebDriverManager exportDriver:1113 Exporting webdriver.chrome.driver as C:\Users\74321\.m2\repository\webdriver\chromedriver\win32\114.0.5735.90\chromedriver.exe
INFO 22:19:29:333 wdm.WebDriverManager detectDriverVersionFromBrowser:615 Using chromedriver 114.0.5735.90 (since Google Chrome 114 is installed in your machine)
INFO 22:19:29:367 wdm.WebDriverManager exportDriver:1113 Exporting webdriver.chrome.driver as C:\Users\74321\.m2\repository\webdriver\chromedriver\win32\114.0.5735.90\chromedriver.exe
INFO 22:30:22:825 wdm.WebDriverManager detectDriverVersionFromBrowser:615 Using chromedriver 114.0.5735.90 (since Google Chrome 114 is installed in your machine)
INFO 22:30:22:857 wdm.WebDriverManager exportDriver:1113 Exporting webdriver.chrome.driver as C:\Users\74321\.m2\repository\webdriver\chromedriver\win32\114.0.5735.90\chromedriver.exe
INFO 22:31:45:231 wdm.WebDriverManager detectDriverVersionFromBrowser:615 Using chromedriver 114.0.5735.90 (since Google Chrome 114 is installed in your machine)
INFO 22:31:45:258 wdm.WebDriverManager exportDriver:1113 Exporting webdriver.chrome.driver as C:\Users\74321\.m2\repository\webdriver\chromedriver\win32\114.0.5735.90\chromedriver.exe
INFO 22:39:38:772 wdm.WebDriverManager detectDriverVersionFromBrowser:615 Using chromedriver 114.0.5735.90 (since Google Chrome 114 is installed in your machine)
INFO 22:39:38:808 wdm.WebDriverManager exportDriver:1113 Exporting webdriver.chrome.driver as C:\Users\74321\.m2\repository\webdriver\chromedriver\win32\114.0.5735.90\chromedriver.exe
INFO 22:43:25:953 wdm.WebDriverManager detectDriverVersionFromBrowser:615 Using chromedriver 114.0.5735.90 (since Google Chrome 114 is installed in your machine)
INFO 22:43:25:985 wdm.WebDriverManager exportDriver:1113 Exporting webdriver.chrome.driver as C:\Users\74321\.m2\repository\webdriver\chromedriver\win32\114.0.5735.90\chromedriver.exe
INFO 22:45:18:601 wdm.WebDriverManager detectDriverVersionFromBrowser:615 Using chromedriver 114.0.5735.90 (since Google Chrome 114 is installed in your machine)
INFO 22:45:18:635 wdm.WebDriverManager exportDriver:1113 Exporting webdriver.chrome.driver as C:\Users\74321\.m2\repository\webdriver\chromedriver\win32\114.0.5735.90\chromedriver.exe
INFO 22:47:33:737 wdm.WebDriverManager detectDriverVersionFromBrowser:615 Using chromedriver 114.0.5735.90 (since Google Chrome 114 is installed in your machine)
INFO 22:47:33:781 wdm.WebDriverManager exportDriver:1113 Exporting webdriver.chrome.driver as C:\Users\74321\.m2\repository\webdriver\chromedriver\win32\114.0.5735.90\chromedriver.exe
INFO 22:51:31:636 wdm.WebDriverManager detectDriverVersionFromBrowser:615 Using chromedriver 114.0.5735.90 (since Google Chrome 114 is installed in your machine)
INFO 22:51:31:665 wdm.WebDriverManager exportDriver:1113 Exporting webdriver.chrome.driver as C:\Users\74321\.m2\repository\webdriver\chromedriver\win32\114.0.5735.90\chromedriver.exe
INFO 22:53:41:861 wdm.WebDriverManager detectDriverVersionFromBrowser:615 Using chromedriver 114.0.5735.90 (since Google Chrome 114 is installed in your machine)
INFO 22:53:41:892 wdm.WebDriverManager exportDriver:1113 Exporting webdriver.chrome.driver as C:\Users\74321\.m2\repository\webdriver\chromedriver\win32\114.0.5735.90\chromedriver.exe
INFO 22:54:16:568 wdm.WebDriverManager detectDriverVersionFromBrowser:615 Using chromedriver 114.0.5735.90 (since Google Chrome 114 is installed in your machine)
INFO 22:54:16:598 wdm.WebDriverManager exportDriver:1113 Exporting webdriver.chrome.driver as C:\Users\74321\.m2\repository\webdriver\chromedriver\win32\114.0.5735.90\chromedriver.exe
INFO 22:54:55:881 wdm.WebDriverManager detectDriverVersionFromBrowser:615 Using chromedriver 114.0.5735.90 (since Google Chrome 114 is installed in your machine)
INFO 22:54:55:912 wdm.WebDriverManager exportDriver:1113 Exporting webdriver.chrome.driver as C:\Users\74321\.m2\repository\webdriver\chromedriver\win32\114.0.5735.90\chromedriver.exe
INFO 23:06:06:114 wdm.WebDriverManager detectDriverVersionFromBrowser:615 Using chromedriver 114.0.5735.90 (since Google Chrome 114 is installed in your machine)
INFO 23:06:06:148 wdm.WebDriverManager exportDriver:1113 Exporting webdriver.chrome.driver as C:\Users\74321\.m2\repository\webdriver\chromedriver\win32\114.0.5735.90\chromedriver.exe
INFO 23:08:55:904 wdm.WebDriverManager detectDriverVersionFromBrowser:615 Using chromedriver 114.0.5735.90 (since Google Chrome 114 is installed in your machine)
INFO 23:08:55:937 wdm.WebDriverManager exportDriver:1113 Exporting webdriver.chrome.driver as C:\Users\74321\.m2\repository\webdriver\chromedriver\win32\114.0.5735.90\chromedriver.exe
INFO 23:19:25:330 wdm.WebDriverManager detectDriverVersionFromBrowser:615 Using chromedriver 114.0.5735.90 (since Google Chrome 114 is installed in your machine)
INFO 23:19:25:360 wdm.WebDriverManager exportDriver:1113 Exporting webdriver.chrome.driver as C:\Users\74321\.m2\repository\webdriver\chromedriver\win32\114.0.5735.90\chromedriver.exe
INFO 23:20:40:755 wdm.WebDriverManager detectDriverVersionFromBrowser:615 Using chromedriver 114.0.5735.90 (since Google Chrome 114 is installed in your machine)
INFO 23:20:40:781 wdm.WebDriverManager exportDriver:1113 Exporting webdriver.chrome.driver as C:\Users\74321\.m2\repository\webdriver\chromedriver\win32\114.0.5735.90\chromedriver.exe
INFO 23:23:30:914 wdm.WebDriverManager detectDriverVersionFromBrowser:615 Using chromedriver 114.0.5735.90 (since Google Chrome 114 is installed in your machine)
INFO 23:23:30:942 wdm.WebDriverManager exportDriver:1113 Exporting webdriver.chrome.driver as C:\Users\74321\.m2\repository\webdriver\chromedriver\win32\114.0.5735.90\chromedriver.exe
INFO 23:24:09:142 wdm.WebDriverManager detectDriverVersionFromBrowser:615 Using chromedriver 114.0.5735.90 (since Google Chrome 114 is installed in your machine)
INFO 23:24:09:178 wdm.WebDriverManager exportDriver:1113 Exporting webdriver.chrome.driver as C:\Users\74321\.m2\repository\webdriver\chromedriver\win32\114.0.5735.90\chromedriver.exe
INFO 23:27:05:715 wdm.WebDriverManager detectDriverVersionFromBrowser:615 Using chromedriver 114.0.5735.90 (since Google Chrome 114 is installed in your machine)
INFO 23:27:05:750 wdm.WebDriverManager exportDriver:1113 Exporting webdriver.chrome.driver as C:\Users\74321\.m2\repository\webdriver\chromedriver\win32\114.0.5735.90\chromedriver.exe
INFO 23:28:20:451 wdm.WebDriverManager detectDriverVersionFromBrowser:615 Using chromedriver 114.0.5735.90 (since Google Chrome 114 is installed in your machine)
INFO 23:28:20:480 wdm.WebDriverManager exportDriver:1113 Exporting webdriver.chrome.driver as C:\Users\74321\.m2\repository\webdriver\chromedriver\win32\114.0.5735.90\chromedriver.exe
INFO 23:30:27:178 wdm.WebDriverManager detectDriverVersionFromBrowser:615 Using chromedriver 114.0.5735.90 (since Google Chrome 114 is installed in your machine)
INFO 23:30:27:222 wdm.WebDriverManager exportDriver:1113 Exporting webdriver.chrome.driver as C:\Users\74321\.m2\repository\webdriver\chromedriver\win32\114.0.5735.90\chromedriver.exe
INFO 23:39:04:140 wdm.WebDriverManager detectDriverVersionFromBrowser:615 Using chromedriver 114.0.5735.90 (since Google Chrome 114 is installed in your machine)
INFO 23:39:04:175 wdm.WebDriverManager exportDriver:1113 Exporting webdriver.chrome.driver as C:\Users\74321\.m2\repository\webdriver\chromedriver\win32\114.0.5735.90\chromedriver.exe
INFO 23:44:21:640 wdm.WebDriverManager detectDriverVersionFromBrowser:615 Using chromedriver 114.0.5735.90 (since Google Chrome 114 is installed in your machine)
INFO 23:44:21:675 wdm.WebDriverManager exportDriver:1113 Exporting webdriver.chrome.driver as C:\Users\74321\.m2\repository\webdriver\chromedriver\win32\114.0.5735.90\chromedriver.exe
INFO 23:47:03:573 wdm.WebDriverManager detectDriverVersionFromBrowser:615 Using chromedriver 114.0.5735.90 (since Google Chrome 114 is installed in your machine)
INFO 23:47:03:607 wdm.WebDriverManager exportDriver:1113 Exporting webdriver.chrome.driver as C:\Users\74321\.m2\repository\webdriver\chromedriver\win32\114.0.5735.90\chromedriver.exe
INFO 23:48:13:030 wdm.WebDriverManager detectDriverVersionFromBrowser:615 Using chromedriver 114.0.5735.90 (since Google Chrome 114 is installed in your machine)
INFO 23:48:13:058 wdm.WebDriverManager exportDriver:1113 Exporting webdriver.chrome.driver as C:\Users\74321\.m2\repository\webdriver\chromedriver\win32\114.0.5735.90\chromedriver.exe
INFO 23:51:50:831 wdm.WebDriverManager detectDriverVersionFromBrowser:615 Using chromedriver 114.0.5735.90 (since Google Chrome 114 is installed in your machine)
INFO 23:51:50:857 wdm.WebDriverManager exportDriver:1113 Exporting webdriver.chrome.driver as C:\Users\74321\.m2\repository\webdriver\chromedriver\win32\114.0.5735.90\chromedriver.exe
INFO 23:52:18:357 wdm.WebDriverManager detectDriverVersionFromBrowser:615 Using chromedriver 114.0.5735.90 (since Google Chrome 114 is installed in your machine)
INFO 23:52:18:384 wdm.WebDriverManager exportDriver:1113 Exporting webdriver.chrome.driver as C:\Users\74321\.m2\repository\webdriver\chromedriver\win32\114.0.5735.90\chromedriver.exe
INFO 23:52:47:295 wdm.WebDriverManager detectDriverVersionFromBrowser:615 Using chromedriver 114.0.5735.90 (since Google Chrome 114 is installed in your machine)
INFO 23:52:47:321 wdm.WebDriverManager exportDriver:1113 Exporting webdriver.chrome.driver as C:\Users\74321\.m2\repository\webdriver\chromedriver\win32\114.0.5735.90\chromedriver.exe
INFO 23:53:19:734 wdm.WebDriverManager detectDriverVersionFromBrowser:615 Using chromedriver 114.0.5735.90 (since Google Chrome 114 is installed in your machine)
INFO 23:53:19:758 wdm.WebDriverManager exportDriver:1113 Exporting webdriver.chrome.driver as C:\Users\74321\.m2\repository\webdriver\chromedriver\win32\114.0.5735.90\chromedriver.exe
INFO 23:53:41:791 wdm.WebDriverManager detectDriverVersionFromBrowser:615 Using chromedriver 114.0.5735.90 (since Google Chrome 114 is installed in your machine)
INFO 23:53:41:825 wdm.WebDriverManager exportDriver:1113 Exporting webdriver.chrome.driver as C:\Users\74321\.m2\repository\webdriver\chromedriver\win32\114.0.5735.90\chromedriver.exe
INFO 23:54:05:166 wdm.WebDriverManager detectDriverVersionFromBrowser:615 Using chromedriver 114.0.5735.90 (since Google Chrome 114 is installed in your machine)
INFO 23:54:05:194 wdm.WebDriverManager exportDriver:1113 Exporting webdriver.chrome.driver as C:\Users\74321\.m2\repository\webdriver\chromedriver\win32\114.0.5735.90\chromedriver.exe
INFO 23:54:32:077 wdm.WebDriverManager detectDriverVersionFromBrowser:615 Using chromedriver 114.0.5735.90 (since Google Chrome 114 is installed in your machine)
INFO 23:54:32:099 wdm.WebDriverManager exportDriver:1113 Exporting webdriver.chrome.driver as C:\Users\74321\.m2\repository\webdriver\chromedriver\win32\114.0.5735.90\chromedriver.exe
INFO 23:54:59:074 wdm.WebDriverManager detectDriverVersionFromBrowser:615 Using chromedriver 114.0.5735.90 (since Google Chrome 114 is installed in your machine)
INFO 23:54:59:096 wdm.WebDriverManager exportDriver:1113 Exporting webdriver.chrome.driver as C:\Users\74321\.m2\repository\webdriver\chromedriver\win32\114.0.5735.90\chromedriver.exe
INFO 23:55:30:059 wdm.WebDriverManager detectDriverVersionFromBrowser:615 Using chromedriver 114.0.5735.90 (since Google Chrome 114 is installed in your machine)
INFO 23:55:30:088 wdm.WebDriverManager exportDriver:1113 Exporting webdriver.chrome.driver as C:\Users\74321\.m2\repository\webdriver\chromedriver\win32\114.0.5735.90\chromedriver.exe
INFO 23:55:50:725 wdm.WebDriverManager detectDriverVersionFromBrowser:615 Using chromedriver 114.0.5735.90 (since Google Chrome 114 is installed in your machine)
INFO 23:55:50:751 wdm.WebDriverManager exportDriver:1113 Exporting webdriver.chrome.driver as C:\Users\74321\.m2\repository\webdriver\chromedriver\win32\114.0.5735.90\chromedriver.exe
INFO 10:52:22:565 wdm.WebDriverManager detectDriverVersionFromBrowser:615 Using chromedriver 114.0.5735.90 (since Google Chrome 114 is installed in your machine)
INFO 10:52:22:590 wdm.WebDriverManager exportDriver:1113 Exporting webdriver.chrome.driver as C:\Users\74321\.m2\repository\webdriver\chromedriver\win32\114.0.5735.90\chromedriver.exe
INFO 11:11:44:530 wdm.WebDriverManager detectDriverVersionFromBrowser:615 Using chromedriver 114.0.5735.90 (since Google Chrome 114 is installed in your machine)
INFO 11:11:44:560 wdm.WebDriverManager exportDriver:1113 Exporting webdriver.chrome.driver as C:\Users\74321\.m2\repository\webdriver\chromedriver\win32\114.0.5735.90\chromedriver.exe
INFO 11:17:14:554 wdm.WebDriverManager detectDriverVersionFromBrowser:615 Using chromedriver 114.0.5735.90 (since Google Chrome 114 is installed in your machine)
INFO 11:17:14:583 wdm.WebDriverManager exportDriver:1113 Exporting webdriver.chrome.driver as C:\Users\74321\.m2\repository\webdriver\chromedriver\win32\114.0.5735.90\chromedriver.exe
INFO 11:35:59:959 wdm.WebDriverManager detectDriverVersionFromBrowser:615 Using chromedriver 114.0.5735.90 (since Google Chrome 114 is installed in your machine)
INFO 11:35:59:990 wdm.WebDriverManager exportDriver:1113 Exporting webdriver.chrome.driver as C:\Users\74321\.m2\repository\webdriver\chromedriver\win32\114.0.5735.90\chromedriver.exe
INFO 11:36:15:337 wdm.WebDriverManager detectDriverVersionFromBrowser:615 Using chromedriver 114.0.5735.90 (since Google Chrome 114 is installed in your machine)
INFO 11:36:15:341 wdm.WebDriverManager exportDriver:1113 Exporting webdriver.chrome.driver as C:\Users\74321\.m2\repository\webdriver\chromedriver\win32\114.0.5735.90\chromedriver.exe
INFO 11:36:29:337 wdm.WebDriverManager detectDriverVersionFromBrowser:615 Using chromedriver 114.0.5735.90 (since Google Chrome 114 is installed in your machine)
INFO 11:36:29:341 wdm.WebDriverManager exportDriver:1113 Exporting webdriver.chrome.driver as C:\Users\74321\.m2\repository\webdriver\chromedriver\win32\114.0.5735.90\chromedriver.exe
INFO 11:36:33:402 wdm.WebDriverManager detectDriverVersionFromBrowser:615 Using chromedriver 114.0.5735.90 (since Google Chrome 114 is installed in your machine)
INFO 11:36:33:405 wdm.WebDriverManager exportDriver:1113 Exporting webdriver.chrome.driver as C:\Users\74321\.m2\repository\webdriver\chromedriver\win32\114.0.5735.90\chromedriver.exe
INFO 11:36:37:474 wdm.WebDriverManager detectDriverVersionFromBrowser:615 Using chromedriver 114.0.5735.90 (since Google Chrome 114 is installed in your machine)
INFO 11:36:37:478 wdm.WebDriverManager exportDriver:1113 Exporting webdriver.chrome.driver as C:\Users\74321\.m2\repository\webdriver\chromedriver\win32\114.0.5735.90\chromedriver.exe
INFO 13:33:10:430 wdm.WebDriverManager detectDriverVersionFromBrowser:615 Using chromedriver 114.0.5735.90 (since Google Chrome 114 is installed in your machine)
INFO 13:33:10:457 wdm.WebDriverManager exportDriver:1113 Exporting webdriver.chrome.driver as C:\Users\74321\.m2\repository\webdriver\chromedriver\win32\114.0.5735.90\chromedriver.exe
INFO 13:53:59:864 wdm.WebDriverManager detectDriverVersionFromBrowser:615 Using chromedriver 114.0.5735.90 (since Google Chrome 114 is installed in your machine)
INFO 13:53:59:899 wdm.WebDriverManager exportDriver:1113 Exporting webdriver.chrome.driver as C:\Users\74321\.m2\repository\webdriver\chromedriver\win32\114.0.5735.90\chromedriver.exe
